absl-py==1.4.0
aiohttp==3.8.4
aiosignal==1.3.1
anyio==3.6.2
appdirs==1.4.3
apturl==0.5.2
argon2-cffi==21.3.0
argon2-cffi-bindings==21.2.0
asttokens==2.2.1
async-timeout==4.0.2
attrs==22.2.0
autopep8==2.0.2
backcall==0.2.0
bcrypt==3.1.7
beautifulsoup4==4.12.2
bleach==6.0.0
blinker==1.4
boltons==23.0.0
Brlapi==0.7.0
cachetools==5.3.0
certifi==2019.11.28
cffi==1.15.1
chardet==3.0.4
charset-normalizer==3.1.0
Click==7.0
cloudpickle==2.2.1
cmake==3.26.1
colorama==0.4.3
comm==0.1.3
command-not-found==0.3
contourpy==1.0.7
cryptography==2.8
cupshelpers==1.0
cycler==0.11.0
dbus-python==1.2.16
debugpy==1.6.7
decorator==5.1.1
defer==1.0.6
defusedxml==0.7.1
distlib==0.3.0
distro==1.4.0
distro-info===0.23ubuntu1
docopt==0.6.2
duplicity==0.8.12.0
entrypoints==0.3
executing==1.2.0
fasteners==0.14.1
fastjsonschema==2.16.3
filelock==3.10.7
fonttools==4.39.2
frozenlist==1.3.3
fsspec==2023.4.0
future==0.18.2
google-auth==2.16.3
google-auth-oauthlib==1.0.0
grpcio==1.51.3
gym==0.26.2
gym-notices==0.0.8
httplib2==0.14.0
idna==2.8
importlib-metadata==6.1.0
importlib-resources==5.12.0
ipykernel==6.22.0
ipython==8.12.0
ipython-genutils==0.2.0
ipywidgets==8.0.6
jedi==0.18.2
Jinja2==3.1.2
joblib==1.2.0
jsonschema==4.17.3
jupyter==1.0.0
jupyter-client==8.1.0
jupyter-console==6.6.3
jupyter-core==5.3.0
jupyter-events==0.6.3
jupyter-server==2.5.0
jupyter-server-terminals==0.4.4
jupyterlab-pygments==0.2.2
jupyterlab-widgets==3.0.7
kaggle==1.5.13
keyring==18.0.1
kiwisolver==1.4.4
language-selector==0.1
launchpadlib==1.10.13
lazr.restfulclient==0.14.2
lazr.uri==1.0.3
lightning-utilities==0.8.0
lit==16.0.0
lockfile==0.12.2
louis==3.12.0
macaroonbakery==1.3.1
Mako==1.1.0
Markdown==3.4.3
MarkupSafe==2.1.2
matplotlib==3.7.1
matplotlib-inline==0.1.6
mistune==2.0.5
monotonic==1.5
more-itertools==4.2.0
mpmath==1.3.0
multidict==6.0.4
nbclassic==0.5.5
nbclient==0.7.3
nbconvert==7.3.0
nbformat==5.8.0
nest-asyncio==1.5.6
netifaces==0.10.4
networkx==3.0
notebook==6.5.4
notebook-shim==0.2.2
numpy==1.24.2
nvidia-cublas-cu11==11.10.3.66
nvidia-cuda-cupti-cu11==11.7.101
nvidia-cuda-nvrtc-cu11==11.7.99
nvidia-cuda-runtime-cu11==11.7.99
nvidia-cudnn-cu11==8.5.0.96
nvidia-cufft-cu11==10.9.0.58
nvidia-curand-cu11==10.2.10.91
nvidia-cusolver-cu11==11.4.0.1
nvidia-cusparse-cu11==11.7.4.91
nvidia-nccl-cu11==2.14.3
nvidia-nvtx-cu11==11.7.91
oauthlib==3.1.0
olefile==0.46
packaging==23.0
pandas==1.5.3
pandocfilters==1.5.0
paramiko==2.6.0
parso==0.8.3
pastel==0.2.1
pexpect==4.6.0
pickleshare==0.7.5
Pillow==7.0.0
pipenv==11.9.0
pipreqs==0.4.13
pkgutil-resolve-name==1.3.10
platformdirs==3.2.0
poethepoet==0.10.0
prometheus-client==0.16.0
prompt-toolkit==3.0.38
protobuf==4.22.1
psutil==5.9.4
ptyprocess==0.7.0
pure-eval==0.2.2
pyasn1==0.4.8
pyasn1-modules==0.2.8
pycairo==1.16.2
pycodestyle==2.10.0
pycparser==2.21
pycups==1.9.73
Pygments==2.14.0
PyGObject==3.36.0
PyJWT==1.7.1
pymacaroons==0.13.0
PyNaCl==1.3.0
pyparsing==3.0.9
pyRFC3339==1.1
pyrsistent==0.19.3
python-apt==2.0.1+ubuntu0.20.4.1
python-dateutil==2.8.2
python-debian===0.1.36ubuntu1
python-json-logger==2.0.7
python-slugify==8.0.1
pytorch-lightning==2.0.1
pytz==2023.2
pyxdg==0.26
PyYAML==6.0
pyzmq==25.0.2
qtconsole==5.4.2
QtPy==2.3.1
reportlab==3.5.34
requests==2.21.0
requests-oauthlib==1.3.1
requests-unixsocket==0.2.0
rfc3339-validator==0.1.4
rfc3986-validator==0.1.1
rsa==4.9
scikit-learn==1.2.2
scipy==1.10.1
screen-resolution-extra==0.0.0
SecretStorage==2.3.1
Send2Trash==1.8.0
simplejson==3.16.0
six==1.14.0
sklearn==0.0.post1
sniffio==1.3.0
soupsieve==2.4
ssh-import-id==5.10
stack-data==0.6.2
sympy==1.11.1
systemd-python==234
tensorboard==2.13.0
tensorboard-data-server==0.7.0
tensorboard-plugin-wit==1.8.1
terminado==0.17.1
text-unidecode==1.3
threadpoolctl==3.1.0
tinycss2==1.2.1
tomli==2.0.1
tomlkit==0.11.7
torch==2.0.0
torch-tb-profiler==0.4.1
torchcde==0.2.5
torchdiffeq==0.2.3
torchmetrics==0.11.4
torchsde==0.2.5
torchvision==0.15.1
tornado==6.2
tqdm==4.65.0
traitlets==5.9.0
trampoline==0.1.2
triton==2.0.0
typing-extensions==4.5.0
tzdata==2023.3
ubuntu-advantage-tools==8001
ubuntu-drivers-common==0.0.0
ufw==0.36
unattended-upgrades==0.1
urllib3==1.24.3
usb-creator==0.3.7
vboxapi==1.0
virtualenv==20.0.17
virtualenv-clone==0.3.0
wadllib==1.3.3
wcwidth==0.2.6
webencodings==0.5.1
websocket-client==1.5.1
Werkzeug==2.2.3
widgetsnbextension==4.0.7
xkit==0.0.0
yarg==0.1.9
yarl==1.8.2
zipp==3.15.0
